#
# There is insufficient memory for the Java Runtime Environment to continue.
# Native memory allocation (mmap) failed to map 132120576 bytes for G1 virtual space
# Possible reasons:
#   The system is out of physical RAM or swap space
#   The process is running with CompressedOops enabled, and the Java Heap may be blocking the growth of the native heap
# Possible solutions:
#   Reduce memory load on the system
#   Increase physical memory or swap space
#   Check if swap backing store is full
#   Decrease Java heap size (-Xmx/-Xms)
#   Decrease number of Java threads
#   Decrease Java thread stack sizes (-Xss)
#   Set larger code cache with -XX:ReservedCodeCacheSize=
#   JVM is running with Unscaled Compressed Oops mode in which the Java heap is
#     placed in the first 4GB address space. The Java Heap base address is the
#     maximum limit for the native heap growth. Please use -XX:HeapBaseMinAddress
#     to set the Java Heap base and to place the Java Heap above 4GB virtual address.
# This output file may be truncated or incomplete.
#
#  Out of Memory Error (os_windows.cpp:3530), pid=98112, tid=116516
#
# JRE version:  (18.0.2.1+1) (build )
# Java VM: Java HotSpot(TM) 64-Bit Server VM (18.0.2.1+1-1, mixed mode, sharing, tiered, compressed oops, compressed class ptrs, g1 gc, windows-amd64)
# No core dump will be written. Minidumps are not enabled by default on client versions of Windows
#

---------------  S U M M A R Y ------------

Command Line: -Dfile.encoding=UTF-8 -XX:+ShowCodeDetailsInExceptionMessages Vacinacao.Principal

Host: Intel(R) Core(TM) i5-10210U CPU @ 1.60GHz, 8 cores, 7G,  Windows 11 , 64 bit Build 22000 (10.0.22000.1219)
Time: Fri Dec  9 18:55:42 2022 Hora Padrão Brasil Central elapsed time: 0.010153 seconds (0d 0h 0m 0s)

---------------  T H R E A D  ---------------

Current thread (0x0000020c322003a0):  JavaThread "Unknown thread" [_thread_in_vm, id=116516, stack(0x000000cc6aa00000,0x000000cc6ab00000)]

Stack: [0x000000cc6aa00000,0x000000cc6ab00000]
Native frames: (J=compiled Java code, j=interpreted, Vv=VM code, C=native code)
V  [jvm.dll+0x6993aa]
V  [jvm.dll+0x7f46dd]
V  [jvm.dll+0x7f5fee]
V  [jvm.dll+0x7f66a3]
V  [jvm.dll+0x25cf1f]
V  [jvm.dll+0x6962f9]
V  [jvm.dll+0x68ae2a]
V  [jvm.dll+0x32255b]
V  [jvm.dll+0x329f36]
V  [jvm.dll+0x37eade]
V  [jvm.dll+0x37ed0f]
V  [jvm.dll+0x2fa2da]
V  [jvm.dll+0x2fb33d]
V  [jvm.dll+0x7c3310]
V  [jvm.dll+0x38be61]
V  [jvm.dll+0x7a2023]
V  [jvm.dll+0x40dc3f]
V  [jvm.dll+0x40f611]
C  [jli.dll+0x526b]
C  [ucrtbase.dll+0x26c0c]
C  [KERNEL32.DLL+0x15550]
C  [ntdll.dll+0x485b]


---------------  P R O C E S S  ---------------

Threads class SMR info:
_java_thread_list=0x00007ffafaffe550, length=0, elements={
}

Java Threads: ( => current thread )

Other Threads:
  0x0000020c322611c0 WorkerThread "GC Thread#0" [stack: 0x000000cc6ab00000,0x000000cc6ac00000] [id=115892]
  0x0000020c32273500 ConcurrentGCThread "G1 Main Marker" [stack: 0x000000cc6ac00000,0x000000cc6ad00000] [id=114216]
  0x0000020c32273ef0 WorkerThread "G1 Conc#0" [stack: 0x000000cc6ad00000,0x000000cc6ae00000] [id=114040]

[error occurred during error reporting (printing all threads), id 0xc0000005, EXCEPTION_ACCESS_VIOLATION (0xc0000005) at pc=0x00007ffafa82a877]

VM state: not at safepoint (not fully initialized)

VM Mutex/Monitor currently owned by a thread:  ([mutex/lock_event])
[0x0000020c321fb390] Heap_lock - owner thread: 0x0000020c322003a0

Heap address: 0x0000000082800000, size: 2008 MB, Compressed Oops mode: 32-bit

CDS archive(s) mapped at: [0x0000000000000000-0x0000000000000000-0x0000000000000000), size 0, SharedBaseAddress: 0x0000000800000000, ArchiveRelocationMode: 0.
Narrow klass base: 0x0000000000000000, Narrow klass shift: 0, Narrow klass range: 0x0

GC Precious Log:
 CardTable entry size: 512
 Card Set container configuration: InlinePtr #cards 5 size 8 Array Of Cards #cards 12 size 40 Howl #buckets 4 coarsen threshold 1843 Howl Bitmap #cards 512 size 80 coarsen threshold 460 Card regions per heap region 1 cards per card region 2048

Heap:
 garbage-first heap   total 0K, used 0K [0x0000000082800000, 0x0000000100000000)
  region size 1024K, 0 young (0K), 0 survivors (0K)

[error occurred during error reporting (printing heap information), id 0xc0000005, EXCEPTION_ACCESS_VIOLATION (0xc0000005) at pc=0x00007ffafac11839]

GC Heap History (0 events):
No events

Deoptimization events (0 events):
No events

Classes loaded (0 events):
No events

Classes unloaded (0 events):
No events

Classes redefined (0 events):
No events

Internal exceptions (0 events):
No events

VM Operations (0 events):
No events

Events (1 events):
Event: 0.006 Loaded shared library C:\Program Files\Java\jdk-18.0.2.1\bin\java.dll


Dynamic libraries:
0x00007ff651ed0000 - 0x00007ff651ee0000 	C:\Program Files\Java\jdk-18.0.2.1\bin\javaw.exe
0x00007ffb7d920000 - 0x00007ffb7db29000 	C:\Windows\SYSTEM32\ntdll.dll
0x00007ffb7c610000 - 0x00007ffb7c6ce000 	C:\Windows\System32\KERNEL32.DLL
0x00007ffb7b080000 - 0x00007ffb7b3fb000 	C:\Windows\System32\KERNELBASE.dll
0x00007ffb7b680000 - 0x00007ffb7b791000 	C:\Windows\System32\ucrtbase.dll
0x00007ffb6adb0000 - 0x00007ffb6adca000 	C:\Program Files\Java\jdk-18.0.2.1\bin\VCRUNTIME140.dll
0x00007ffb6ad90000 - 0x00007ffb6ada8000 	C:\Program Files\Java\jdk-18.0.2.1\bin\jli.dll
0x00007ffb7bb00000 - 0x00007ffb7bbae000 	C:\Windows\System32\ADVAPI32.dll
0x00007ffb7d4c0000 - 0x00007ffb7d563000 	C:\Windows\System32\msvcrt.dll
0x00007ffb7d570000 - 0x00007ffb7d60e000 	C:\Windows\System32\sechost.dll
0x00007ffb7bbb0000 - 0x00007ffb7bcd0000 	C:\Windows\System32\RPCRT4.dll
0x00007ffb7b940000 - 0x00007ffb7baed000 	C:\Windows\System32\USER32.dll
0x00007ffb7b650000 - 0x00007ffb7b676000 	C:\Windows\System32\win32u.dll
0x00007ffb7d490000 - 0x00007ffb7d4b9000 	C:\Windows\System32\GDI32.dll
0x00007ffb57820000 - 0x00007ffb57ac5000 	C:\Windows\WinSxS\amd64_microsoft.windows.common-controls_6595b64144ccf1df_6.0.22000.120_none_9d947278b86cc467\COMCTL32.dll
0x00007ffb7b400000 - 0x00007ffb7b518000 	C:\Windows\System32\gdi32full.dll
0x00007ffb7adf0000 - 0x00007ffb7ae8d000 	C:\Windows\System32\msvcp_win.dll
0x00007ffb70880000 - 0x00007ffb7088a000 	C:\Windows\SYSTEM32\VERSION.dll
0x00007ffb7cf50000 - 0x00007ffb7cf82000 	C:\Windows\System32\IMM32.DLL
0x00007ffb769a0000 - 0x00007ffb769ac000 	C:\Program Files\Java\jdk-18.0.2.1\bin\vcruntime140_1.dll
0x00007ffb699a0000 - 0x00007ffb69a2d000 	C:\Program Files\Java\jdk-18.0.2.1\bin\msvcp140.dll
0x00007ffafa520000 - 0x00007ffafb131000 	C:\Program Files\Java\jdk-18.0.2.1\bin\server\jvm.dll
0x00007ffb7baf0000 - 0x00007ffb7baf8000 	C:\Windows\System32\PSAPI.DLL
0x00007ffb5b650000 - 0x00007ffb5b659000 	C:\Windows\SYSTEM32\WSOCK32.dll
0x00007ffb745a0000 - 0x00007ffb745d3000 	C:\Windows\SYSTEM32\WINMM.dll
0x00007ffb7c6d0000 - 0x00007ffb7c73f000 	C:\Windows\System32\WS2_32.dll
0x00007ffb79e70000 - 0x00007ffb79e88000 	C:\Windows\SYSTEM32\kernel.appcore.dll
0x00007ffb765b0000 - 0x00007ffb765ba000 	C:\Program Files\Java\jdk-18.0.2.1\bin\jimage.dll
0x00007ffb78300000 - 0x00007ffb78521000 	C:\Windows\SYSTEM32\DBGHELP.DLL
0x00007ffb57e20000 - 0x00007ffb57e51000 	C:\Windows\SYSTEM32\dbgcore.DLL
0x00007ffb7b000000 - 0x00007ffb7b07f000 	C:\Windows\System32\bcryptPrimitives.dll
0x00007ffb6a430000 - 0x00007ffb6a455000 	C:\Program Files\Java\jdk-18.0.2.1\bin\java.dll

dbghelp: loaded successfully - version: 4.0.5 - missing functions: none
symbol engine: initialized successfully - sym options: 0x614 - pdb path: .;C:\Program Files\Java\jdk-18.0.2.1\bin;C:\Windows\SYSTEM32;C:\Windows\WinSxS\amd64_microsoft.windows.common-controls_6595b64144ccf1df_6.0.22000.120_none_9d947278b86cc467;C:\Program Files\Java\jdk-18.0.2.1\bin\server

VM Arguments:
jvm_args: -Dfile.encoding=UTF-8 -XX:+ShowCodeDetailsInExceptionMessages 
java_command: Vacinacao.Principal
java_class_path (initial): C:\Users\prisc\eclipse-workspace\MAPA_PS2\bin
Launcher Type: SUN_STANDARD

[Global flags]
     intx CICompilerCount                          = 4                                         {product} {ergonomic}
     uint ConcGCThreads                            = 2                                         {product} {ergonomic}
     uint G1ConcRefinementThreads                  = 8                                         {product} {ergonomic}
   size_t G1HeapRegionSize                         = 1048576                                   {product} {ergonomic}
    uintx GCDrainStackTargetSize                   = 64                                        {product} {ergonomic}
   size_t InitialHeapSize                          = 132120576                                 {product} {ergonomic}
   size_t MarkStackSize                            = 4194304                                   {product} {ergonomic}
   size_t MaxHeapSize                              = 2105540608                                {product} {ergonomic}
   size_t MinHeapDeltaBytes                        = 1048576                                   {product} {ergonomic}
   size_t MinHeapSize                              = 8388608                                   {product} {ergonomic}
    uintx NonNMethodCodeHeapSize                   = 5839372                                {pd product} {ergonomic}
    uintx NonProfiledCodeHeapSize                  = 122909434                              {pd product} {ergonomic}
    uintx ProfiledCodeHeapSize                     = 122909434                              {pd product} {ergonomic}
    uintx ReservedCodeCacheSize                    = 251658240                              {pd product} {ergonomic}
     bool SegmentedCodeCache                       = true                                      {product} {ergonomic}
     bool ShowCodeDetailsInExceptionMessages       = true                                   {manageable} {command line}
   size_t SoftMaxHeapSize                          = 2105540608                             {manageable} {ergonomic}
     bool UseCompressedClassPointers               = true                           {product lp64_product} {ergonomic}
     bool UseCompressedOops                        = true                           {product lp64_product} {ergonomic}
     bool UseG1GC                                  = true                                      {product} {ergonomic}
     bool UseLargePagesIndividualAllocation        = false                                  {pd product} {ergonomic}

Logging:
Log output configuration:
 #0: stdout all=warning uptime,level,tags foldmultilines=false
 #1: stderr all=off uptime,level,tags foldmultilines=false

Environment Variables:
PATH=C:\Program Files\Common Files\Oracle\Java\javapath;C:\Windows\system32;C:\Windows;C:\Windows\System32\Wbem;C:\Windows\System32\WindowsPowerShell\v1.0\;C:\Windows\System32\OpenSSH\;C:\Program Files\Microsoft SQL Server\Client SDK\ODBC\170\Tools\Binn\;C:\Program Files (x86)\Microsoft SQL Server\150\Tools\Binn\;C:\Program Files\Microsoft SQL Server\150\Tools\Binn\;C:\Program Files\Microsoft SQL Server\150\DTS\Binn\;C:\Program Files (x86)\Microsoft SQL Server\150\DTS\Binn\;C:\Program Files\Azure Data Studio\bin;C:\Program Files\Git\cmd;C:\Users\prisc\anaconda3;C:\Users\prisc\anaconda3\Library\mingw-w64\bin;C:\Users\prisc\anaconda3\Library\usr\bin;C:\Users\prisc\anaconda3\Library\bin;C:\Users\prisc\anaconda3\Scripts;C:\Users\prisc\AppData\Local\Programs\Python\Python310\Scripts\;C:\Users\prisc\AppData\Local\Programs\Python\Python310\;C:\Users\prisc\AppData\Local\Microsoft\WindowsApps;C:\Program Files\Azure Data Studio\bin;C:\Users\prisc\AppData\Roaming\TinyTeX\bin\win32;C:\Program Files\JetBrains\PyCharm Community Edition 2022.2.2\bin;;C:\Users\prisc\AppData\Local\Programs\Microsoft VS Code\bin
USERNAME=prisc
OS=Windows_NT
PROCESSOR_IDENTIFIER=Intel64 Family 6 Model 142 Stepping 12, GenuineIntel



---------------  S Y S T E M  ---------------

OS:
 Windows 11 , 64 bit Build 22000 (10.0.22000.1219)
OS uptime: 9 days 10:10 hours

CPU: total 8 (initial active 8) (4 cores per cpu, 2 threads per core) family 6 model 142 stepping 12 microcode 0xea, cx8, cmov, fxsr, ht, mmx, 3dnowpref, sse, sse2, sse3, ssse3, sse4.1, sse4.2, popcnt, lzcnt, tsc, tscinvbit, avx, avx2, aes, erms, clmul, bmi1, bmi2, adx, fma, vzeroupper, clflush, clflushopt

Memory: 4k page, system-wide physical 8025M (572M free)
TotalPageFile size 32601M (AvailPageFile size 62M)
current process WorkingSet (physical memory assigned to process): 10M, peak: 10M
current process commit charge ("private bytes"): 60M, peak: 186M

vm_info: Java HotSpot(TM) 64-Bit Server VM (18.0.2.1+1-1) for windows-amd64 JRE (18.0.2.1+1-1), built on Aug 16 2022 01:46:33 by "mach5one" with MS VC++ 16.8 / 16.9 (VS2019)

END.
